10:57:35 [32minfo[39m: Server listening on port 5000 [development] {"service":"nexbyte-backend"}
11:21:57 [32minfo[39m: Server listening on port 5000 [development] {"service":"nexbyte-backend"}
11:30:00 [32minfo[39m: SIGINT received — closing HTTP server... {"service":"nexbyte-backend"}
12:55:18 [32minfo[39m: Server listening on port 5000 [development] {"service":"nexbyte-backend"}
12:56:03 [32minfo[39m: Request completed {"service":"nexbyte-backend","method":"POST","path":"/api/v1/auth/login","statusCode":200,"durationMs":1923,"ip":"::1"}
12:56:04 [32minfo[39m: Request completed {"service":"nexbyte-backend","method":"GET","path":"/api/v1/admin/services","statusCode":200,"durationMs":211,"ip":"::1","userId":"1fe642dc-aa6c-45ba-944d-d9c0946479d0"}
12:56:22 [32minfo[39m: Request completed {"service":"nexbyte-backend","method":"GET","path":"/api/v1/admin/services","statusCode":304,"durationMs":778,"ip":"::1","userId":"1fe642dc-aa6c-45ba-944d-d9c0946479d0"}
13:01:00 [32minfo[39m: Request completed {"service":"nexbyte-backend","method":"POST","path":"/api/v1/admin/services","statusCode":201,"durationMs":9396,"ip":"::1","userId":"1fe642dc-aa6c-45ba-944d-d9c0946479d0"}
13:01:01 [32minfo[39m: Request completed {"service":"nexbyte-backend","method":"GET","path":"/api/v1/admin/services","statusCode":200,"durationMs":208,"ip":"::1","userId":"1fe642dc-aa6c-45ba-944d-d9c0946479d0"}
13:01:58 [32minfo[39m: Request completed {"service":"nexbyte-backend","method":"GET","path":"/api/v1/services","statusCode":200,"durationMs":445,"ip":"::1"}
13:01:59 [32minfo[39m: Request completed {"service":"nexbyte-backend","method":"GET","path":"/api/v1/services","statusCode":304,"durationMs":168,"ip":"::1"}
13:02:04 [32minfo[39m: Request completed {"service":"nexbyte-backend","method":"GET","path":"/api/v1/services","statusCode":304,"durationMs":236,"ip":"::1"}
13:02:04 [32minfo[39m: Request completed {"service":"nexbyte-backend","method":"GET","path":"/api/v1/services","statusCode":304,"durationMs":176,"ip":"::1"}
13:02:21 [33mwarn[39m: Unhandled Prisma error code: P1001 {"service":"nexbyte-backend"}
13:02:21 [31merror[39m: Unhandled/internal error 
Invalid `prisma.service.findUnique()` invocation:


Can't reach database server at `aws-1-ap-south-1.pooler.supabase.com`

Please make sure your database server is running at `aws-1-ap-south-1.pooler.supabase.com`. {"service":"nexbyte-backend","method":"GET","path":"/api/v1/services/web-development","statusCode":500,"ip":"::1"}
PrismaClientKnownRequestError: 
Invalid `prisma.service.findUnique()` invocation:


Can't reach database server at `aws-1-ap-south-1.pooler.supabase.com`

Please make sure your database server is running at `aws-1-ap-south-1.pooler.supabase.com`.
    at ei.handleRequestError (C:\Users\DELL\softwarefrontend\backend\node_modules\@prisma\client\runtime\library.js:121:7268)
    at ei.handleAndLogRequestError (C:\Users\DELL\softwarefrontend\backend\node_modules\@prisma\client\runtime\library.js:121:6593)
    at ei.request (C:\Users\DELL\softwarefrontend\backend\node_modules\@prisma\client\runtime\library.js:121:6300)
    at async a (C:\Users\DELL\softwarefrontend\backend\node_modules\@prisma\client\runtime\library.js:130:9551)
    at async C:\Users\DELL\softwarefrontend\backend\Controller\service.controller.js:50:19
13:02:21 [31merror[39m: Request completed with server error {"service":"nexbyte-backend","method":"GET","path":"/api/v1/services/web-development","statusCode":500,"durationMs":5524,"ip":"::1"}
13:02:27 [33mwarn[39m: Unhandled Prisma error code: P1001 {"service":"nexbyte-backend"}
13:02:27 [31merror[39m: Unhandled/internal error 
Invalid `prisma.service.findUnique()` invocation:


Can't reach database server at `aws-1-ap-south-1.pooler.supabase.com`

Please make sure your database server is running at `aws-1-ap-south-1.pooler.supabase.com`. {"service":"nexbyte-backend","method":"GET","path":"/api/v1/services/web-development","statusCode":500,"ip":"::1"}
PrismaClientKnownRequestError: 
Invalid `prisma.service.findUnique()` invocation:


Can't reach database server at `aws-1-ap-south-1.pooler.supabase.com`

Please make sure your database server is running at `aws-1-ap-south-1.pooler.supabase.com`.
    at ei.handleRequestError (C:\Users\DELL\softwarefrontend\backend\node_modules\@prisma\client\runtime\library.js:121:7268)
    at ei.handleAndLogRequestError (C:\Users\DELL\softwarefrontend\backend\node_modules\@prisma\client\runtime\library.js:121:6593)
    at ei.request (C:\Users\DELL\softwarefrontend\backend\node_modules\@prisma\client\runtime\library.js:121:6300)
    at async a (C:\Users\DELL\softwarefrontend\backend\node_modules\@prisma\client\runtime\library.js:130:9551)
    at async C:\Users\DELL\softwarefrontend\backend\Controller\service.controller.js:50:19
13:02:27 [31merror[39m: Request completed with server error {"service":"nexbyte-backend","method":"GET","path":"/api/v1/services/web-development","statusCode":500,"durationMs":5875,"ip":"::1"}
13:02:33 [32minfo[39m: Request completed {"service":"nexbyte-backend","method":"GET","path":"/api/v1/services/web-development","statusCode":200,"durationMs":3177,"ip":"::1"}
13:03:08 [32minfo[39m: Request completed {"service":"nexbyte-backend","method":"GET","path":"/api/v1/admin/services/9cf67516-e605-48d8-88ab-f5a129a1ff21","statusCode":200,"durationMs":482,"ip":"::1","userId":"1fe642dc-aa6c-45ba-944d-d9c0946479d0"}
13:03:54 [33mwarn[39m: Unhandled Prisma error code: P1001 {"service":"nexbyte-backend"}
13:03:54 [31merror[39m: Unhandled/internal error 
Invalid `prisma.service.findMany()` invocation:


Can't reach database server at `aws-1-ap-south-1.pooler.supabase.com`

Please make sure your database server is running at `aws-1-ap-south-1.pooler.supabase.com`. {"service":"nexbyte-backend","method":"GET","path":"/api/v1/services","statusCode":500,"ip":"::1"}
PrismaClientKnownRequestError: 
Invalid `prisma.service.findMany()` invocation:


Can't reach database server at `aws-1-ap-south-1.pooler.supabase.com`

Please make sure your database server is running at `aws-1-ap-south-1.pooler.supabase.com`.
    at ei.handleRequestError (C:\Users\DELL\softwarefrontend\backend\node_modules\@prisma\client\runtime\library.js:121:7268)
    at ei.handleAndLogRequestError (C:\Users\DELL\softwarefrontend\backend\node_modules\@prisma\client\runtime\library.js:121:6593)
    at ei.request (C:\Users\DELL\softwarefrontend\backend\node_modules\@prisma\client\runtime\library.js:121:6300)
    at async a (C:\Users\DELL\softwarefrontend\backend\node_modules\@prisma\client\runtime\library.js:130:9551)
    at async C:\Users\DELL\softwarefrontend\backend\Controller\service.controller.js:38:20
13:03:54 [31merror[39m: Request completed with server error {"service":"nexbyte-backend","method":"GET","path":"/api/v1/services","statusCode":500,"durationMs":5897,"ip":"::1"}
13:03:54 [32minfo[39m: Request completed {"service":"nexbyte-backend","method":"GET","path":"/api/v1/services","statusCode":200,"durationMs":616,"ip":"::1"}
13:04:00 [32minfo[39m: Request completed {"service":"nexbyte-backend","method":"GET","path":"/api/v1/services/web-development","statusCode":304,"durationMs":202,"ip":"::1"}
13:04:00 [32minfo[39m: Request completed {"service":"nexbyte-backend","method":"GET","path":"/api/v1/services/web-development","statusCode":304,"durationMs":178,"ip":"::1"}
13:04:15 [32minfo[39m: Request completed {"service":"nexbyte-backend","method":"GET","path":"/api/v1/admin/services","statusCode":304,"durationMs":648,"ip":"::1","userId":"1fe642dc-aa6c-45ba-944d-d9c0946479d0"}
13:04:42 [32minfo[39m: Request completed {"service":"nexbyte-backend","method":"GET","path":"/api/v1/services","statusCode":304,"durationMs":786,"ip":"::1"}
13:04:42 [32minfo[39m: Request completed {"service":"nexbyte-backend","method":"GET","path":"/api/v1/services","statusCode":304,"durationMs":153,"ip":"::1"}
13:06:55 [32minfo[39m: Request completed {"service":"nexbyte-backend","method":"GET","path":"/api/v1/services","statusCode":304,"durationMs":1108,"ip":"::1"}
13:06:55 [32minfo[39m: Request completed {"service":"nexbyte-backend","method":"GET","path":"/api/v1/services","statusCode":304,"durationMs":208,"ip":"::1"}
13:06:55 [32minfo[39m: Request completed {"service":"nexbyte-backend","method":"GET","path":"/api/v1/services","statusCode":304,"durationMs":183,"ip":"::1"}
13:06:55 [32minfo[39m: Request completed {"service":"nexbyte-backend","method":"GET","path":"/api/v1/services","statusCode":304,"durationMs":161,"ip":"::1"}
13:07:03 [32minfo[39m: Request completed {"service":"nexbyte-backend","method":"GET","path":"/api/v1/services","statusCode":304,"durationMs":126,"ip":"::1"}
13:07:04 [32minfo[39m: Request completed {"service":"nexbyte-backend","method":"GET","path":"/api/v1/services","statusCode":304,"durationMs":142,"ip":"::1"}
13:07:13 [32minfo[39m: Request completed {"service":"nexbyte-backend","method":"GET","path":"/api/v1/services","statusCode":304,"durationMs":222,"ip":"::1"}
13:07:13 [32minfo[39m: Request completed {"service":"nexbyte-backend","method":"GET","path":"/api/v1/services","statusCode":304,"durationMs":277,"ip":"::1"}
13:08:06 [32minfo[39m: Request completed {"service":"nexbyte-backend","method":"GET","path":"/api/v1/services","statusCode":304,"durationMs":556,"ip":"::1"}
13:08:07 [32minfo[39m: Request completed {"service":"nexbyte-backend","method":"GET","path":"/api/v1/services","statusCode":304,"durationMs":138,"ip":"::1"}
13:08:12 [32minfo[39m: Request completed {"service":"nexbyte-backend","method":"GET","path":"/api/v1/services/web-development","statusCode":304,"durationMs":124,"ip":"::1"}
13:08:12 [32minfo[39m: Request completed {"service":"nexbyte-backend","method":"GET","path":"/api/v1/services/web-development","statusCode":304,"durationMs":125,"ip":"::1"}
13:09:06 [32minfo[39m: Request completed {"service":"nexbyte-backend","method":"GET","path":"/api/v1/services/web-development","statusCode":304,"durationMs":410,"ip":"::1"}
13:09:06 [32minfo[39m: Request completed {"service":"nexbyte-backend","method":"GET","path":"/api/v1/services/web-development","statusCode":304,"durationMs":127,"ip":"::1"}
13:09:10 [32minfo[39m: Request completed {"service":"nexbyte-backend","method":"GET","path":"/api/v1/services","statusCode":304,"durationMs":142,"ip":"::1"}
13:09:10 [32minfo[39m: Request completed {"service":"nexbyte-backend","method":"GET","path":"/api/v1/services","statusCode":304,"durationMs":140,"ip":"::1"}
13:09:17 [32minfo[39m: Request completed {"service":"nexbyte-backend","method":"GET","path":"/api/v1/admin/services/9cf67516-e605-48d8-88ab-f5a129a1ff21","statusCode":304,"durationMs":142,"ip":"::1","userId":"1fe642dc-aa6c-45ba-944d-d9c0946479d0"}
13:09:43 [32minfo[39m: Request completed {"service":"nexbyte-backend","method":"PATCH","path":"/api/v1/admin/services/9cf67516-e605-48d8-88ab-f5a129a1ff21","statusCode":200,"durationMs":1112,"ip":"::1","userId":"1fe642dc-aa6c-45ba-944d-d9c0946479d0"}
13:09:43 [32minfo[39m: Request completed {"service":"nexbyte-backend","method":"GET","path":"/api/v1/admin/services/9cf67516-e605-48d8-88ab-f5a129a1ff21","statusCode":200,"durationMs":136,"ip":"::1","userId":"1fe642dc-aa6c-45ba-944d-d9c0946479d0"}
13:09:44 [32minfo[39m: Request completed {"service":"nexbyte-backend","method":"GET","path":"/api/v1/admin/services","statusCode":200,"durationMs":437,"ip":"::1","userId":"1fe642dc-aa6c-45ba-944d-d9c0946479d0"}
13:09:48 [32minfo[39m: Request completed {"service":"nexbyte-backend","method":"GET","path":"/api/v1/services","statusCode":200,"durationMs":166,"ip":"::1"}
13:09:48 [32minfo[39m: Request completed {"service":"nexbyte-backend","method":"GET","path":"/api/v1/services","statusCode":304,"durationMs":137,"ip":"::1"}
13:09:48 [32minfo[39m: Request completed {"service":"nexbyte-backend","method":"GET","path":"/api/v1/services","statusCode":304,"durationMs":135,"ip":"::1"}
13:09:48 [32minfo[39m: Request completed {"service":"nexbyte-backend","method":"GET","path":"/api/v1/services","statusCode":304,"durationMs":131,"ip":"::1"}
13:09:51 [32minfo[39m: Request completed {"service":"nexbyte-backend","method":"GET","path":"/api/v1/services","statusCode":304,"durationMs":202,"ip":"::1"}
13:09:52 [32minfo[39m: Request completed {"service":"nexbyte-backend","method":"GET","path":"/api/v1/services","statusCode":304,"durationMs":147,"ip":"::1"}
13:09:57 [32minfo[39m: Request completed {"service":"nexbyte-backend","method":"GET","path":"/api/v1/services","statusCode":304,"durationMs":171,"ip":"::1"}
13:09:57 [32minfo[39m: Request completed {"service":"nexbyte-backend","method":"GET","path":"/api/v1/services","statusCode":304,"durationMs":151,"ip":"::1"}
13:10:00 [32minfo[39m: Request completed {"service":"nexbyte-backend","method":"GET","path":"/api/v1/services/web-development","statusCode":200,"durationMs":132,"ip":"::1"}
13:10:00 [32minfo[39m: Request completed {"service":"nexbyte-backend","method":"GET","path":"/api/v1/services/web-development","statusCode":304,"durationMs":134,"ip":"::1"}
13:10:12 [32minfo[39m: Request completed {"service":"nexbyte-backend","method":"GET","path":"/api/v1/services","statusCode":304,"durationMs":552,"ip":"::1"}
13:10:13 [32minfo[39m: Request completed {"service":"nexbyte-backend","method":"GET","path":"/api/v1/services","statusCode":304,"durationMs":141,"ip":"::1"}
13:10:16 [32minfo[39m: Request completed {"service":"nexbyte-backend","method":"GET","path":"/api/v1/services","statusCode":304,"durationMs":129,"ip":"::1"}
13:10:16 [32minfo[39m: Request completed {"service":"nexbyte-backend","method":"GET","path":"/api/v1/services","statusCode":304,"durationMs":138,"ip":"::1"}
13:10:25 [32minfo[39m: Request completed {"service":"nexbyte-backend","method":"GET","path":"/api/v1/admin/services/9cf67516-e605-48d8-88ab-f5a129a1ff21","statusCode":304,"durationMs":137,"ip":"::1","userId":"1fe642dc-aa6c-45ba-944d-d9c0946479d0"}
13:12:33 [32minfo[39m: Request completed {"service":"nexbyte-backend","method":"GET","path":"/api/v1/services/web-development","statusCode":304,"durationMs":533,"ip":"::1"}
13:12:33 [32minfo[39m: Request completed {"service":"nexbyte-backend","method":"GET","path":"/api/v1/services/web-development","statusCode":304,"durationMs":134,"ip":"::1"}
13:13:42 [32minfo[39m: Request completed {"service":"nexbyte-backend","method":"GET","path":"/api/v1/services","statusCode":304,"durationMs":499,"ip":"::1"}
13:13:43 [32minfo[39m: Request completed {"service":"nexbyte-backend","method":"GET","path":"/api/v1/services","statusCode":304,"durationMs":138,"ip":"::1"}
13:15:23 [32minfo[39m: Request completed {"service":"nexbyte-backend","method":"GET","path":"/api/v1/services/web-development","statusCode":304,"durationMs":460,"ip":"::1"}
13:15:23 [32minfo[39m: Request completed {"service":"nexbyte-backend","method":"GET","path":"/api/v1/services/web-development","statusCode":304,"durationMs":156,"ip":"::1"}
13:16:31 [32minfo[39m: Request completed {"service":"nexbyte-backend","method":"GET","path":"/api/v1/services","statusCode":304,"durationMs":717,"ip":"::1"}
13:16:32 [32minfo[39m: Request completed {"service":"nexbyte-backend","method":"GET","path":"/api/v1/services","statusCode":304,"durationMs":139,"ip":"::1"}
13:39:03 [32minfo[39m: Request completed {"service":"nexbyte-backend","method":"POST","path":"/api/v1/auth/login","statusCode":200,"durationMs":1144,"ip":"::1"}
13:39:04 [32minfo[39m: Request completed {"service":"nexbyte-backend","method":"GET","path":"/api/v1/admin/services","statusCode":304,"durationMs":733,"ip":"::1","userId":"1fe642dc-aa6c-45ba-944d-d9c0946479d0"}
13:39:08 [32minfo[39m: Request completed {"service":"nexbyte-backend","method":"GET","path":"/api/v1/admin/services","statusCode":304,"durationMs":585,"ip":"::1","userId":"1fe642dc-aa6c-45ba-944d-d9c0946479d0"}
13:39:11 [32minfo[39m: Request completed {"service":"nexbyte-backend","method":"GET","path":"/api/v1/admin/services/9cf67516-e605-48d8-88ab-f5a129a1ff21","statusCode":304,"durationMs":901,"ip":"::1","userId":"1fe642dc-aa6c-45ba-944d-d9c0946479d0"}
13:39:20 [32minfo[39m: Request completed {"service":"nexbyte-backend","method":"GET","path":"/api/v1/services","statusCode":304,"durationMs":703,"ip":"::1"}
13:39:21 [32minfo[39m: Request completed {"service":"nexbyte-backend","method":"GET","path":"/api/v1/services","statusCode":304,"durationMs":775,"ip":"::1"}
13:39:50 [32minfo[39m: Request completed {"service":"nexbyte-backend","method":"GET","path":"/api/v1/services","statusCode":304,"durationMs":513,"ip":"::1"}
13:39:51 [32minfo[39m: Request completed {"service":"nexbyte-backend","method":"GET","path":"/api/v1/services","statusCode":304,"durationMs":349,"ip":"::1"}
13:42:57 [32minfo[39m: Request completed {"service":"nexbyte-backend","method":"GET","path":"/api/v1/admin/services/9cf67516-e605-48d8-88ab-f5a129a1ff21","statusCode":304,"durationMs":1242,"ip":"::1","userId":"1fe642dc-aa6c-45ba-944d-d9c0946479d0"}
13:43:19 [32minfo[39m: Request completed {"service":"nexbyte-backend","method":"GET","path":"/api/v1/services","statusCode":304,"durationMs":521,"ip":"::1"}
13:43:20 [32minfo[39m: Request completed {"service":"nexbyte-backend","method":"GET","path":"/api/v1/services","statusCode":304,"durationMs":614,"ip":"::1"}
13:43:29 [32minfo[39m: Request completed {"service":"nexbyte-backend","method":"GET","path":"/api/v1/services","statusCode":304,"durationMs":192,"ip":"::1"}
13:43:29 [32minfo[39m: Request completed {"service":"nexbyte-backend","method":"GET","path":"/api/v1/services","statusCode":304,"durationMs":186,"ip":"::1"}
13:45:14 [32minfo[39m: Request completed {"service":"nexbyte-backend","method":"GET","path":"/api/v1/services","statusCode":304,"durationMs":1598,"ip":"::1"}
13:45:15 [32minfo[39m: Request completed {"service":"nexbyte-backend","method":"GET","path":"/api/v1/services/web-development","statusCode":304,"durationMs":1419,"ip":"::1"}
13:45:15 [32minfo[39m: Request completed {"service":"nexbyte-backend","method":"GET","path":"/api/v1/services","statusCode":304,"durationMs":900,"ip":"::1"}
13:45:15 [32minfo[39m: Request completed {"service":"nexbyte-backend","method":"GET","path":"/api/v1/services/web-development","statusCode":304,"durationMs":674,"ip":"::1"}
13:45:15 [32minfo[39m: Request completed {"service":"nexbyte-backend","method":"GET","path":"/api/v1/services/web-development","statusCode":304,"durationMs":259,"ip":"::1"}
13:45:42 [32minfo[39m: Request completed {"service":"nexbyte-backend","method":"GET","path":"/api/v1/services/web-development","statusCode":304,"durationMs":1303,"ip":"::1"}
13:45:42 [32minfo[39m: Request completed {"service":"nexbyte-backend","method":"GET","path":"/api/v1/services/web-development","statusCode":304,"durationMs":358,"ip":"::1"}
13:46:03 [32minfo[39m: Request completed {"service":"nexbyte-backend","method":"GET","path":"/api/v1/admin/services/9cf67516-e605-48d8-88ab-f5a129a1ff21","statusCode":304,"durationMs":1265,"ip":"::1","userId":"1fe642dc-aa6c-45ba-944d-d9c0946479d0"}
13:55:05 [32minfo[39m: Server listening on port 5000 [development] {"service":"nexbyte-backend"}
