13:02:21 [31merror[39m: Unhandled/internal error 
Invalid `prisma.service.findUnique()` invocation:


Can't reach database server at `aws-1-ap-south-1.pooler.supabase.com`

Please make sure your database server is running at `aws-1-ap-south-1.pooler.supabase.com`. {"service":"nexbyte-backend","method":"GET","path":"/api/v1/services/web-development","statusCode":500,"ip":"::1"}
PrismaClientKnownRequestError: 
Invalid `prisma.service.findUnique()` invocation:


Can't reach database server at `aws-1-ap-south-1.pooler.supabase.com`

Please make sure your database server is running at `aws-1-ap-south-1.pooler.supabase.com`.
    at ei.handleRequestError (C:\Users\DELL\softwarefrontend\backend\node_modules\@prisma\client\runtime\library.js:121:7268)
    at ei.handleAndLogRequestError (C:\Users\DELL\softwarefrontend\backend\node_modules\@prisma\client\runtime\library.js:121:6593)
    at ei.request (C:\Users\DELL\softwarefrontend\backend\node_modules\@prisma\client\runtime\library.js:121:6300)
    at async a (C:\Users\DELL\softwarefrontend\backend\node_modules\@prisma\client\runtime\library.js:130:9551)
    at async C:\Users\DELL\softwarefrontend\backend\Controller\service.controller.js:50:19
13:02:21 [31merror[39m: Request completed with server error {"service":"nexbyte-backend","method":"GET","path":"/api/v1/services/web-development","statusCode":500,"durationMs":5524,"ip":"::1"}
13:02:27 [31merror[39m: Unhandled/internal error 
Invalid `prisma.service.findUnique()` invocation:


Can't reach database server at `aws-1-ap-south-1.pooler.supabase.com`

Please make sure your database server is running at `aws-1-ap-south-1.pooler.supabase.com`. {"service":"nexbyte-backend","method":"GET","path":"/api/v1/services/web-development","statusCode":500,"ip":"::1"}
PrismaClientKnownRequestError: 
Invalid `prisma.service.findUnique()` invocation:


Can't reach database server at `aws-1-ap-south-1.pooler.supabase.com`

Please make sure your database server is running at `aws-1-ap-south-1.pooler.supabase.com`.
    at ei.handleRequestError (C:\Users\DELL\softwarefrontend\backend\node_modules\@prisma\client\runtime\library.js:121:7268)
    at ei.handleAndLogRequestError (C:\Users\DELL\softwarefrontend\backend\node_modules\@prisma\client\runtime\library.js:121:6593)
    at ei.request (C:\Users\DELL\softwarefrontend\backend\node_modules\@prisma\client\runtime\library.js:121:6300)
    at async a (C:\Users\DELL\softwarefrontend\backend\node_modules\@prisma\client\runtime\library.js:130:9551)
    at async C:\Users\DELL\softwarefrontend\backend\Controller\service.controller.js:50:19
13:02:27 [31merror[39m: Request completed with server error {"service":"nexbyte-backend","method":"GET","path":"/api/v1/services/web-development","statusCode":500,"durationMs":5875,"ip":"::1"}
13:03:54 [31merror[39m: Unhandled/internal error 
Invalid `prisma.service.findMany()` invocation:


Can't reach database server at `aws-1-ap-south-1.pooler.supabase.com`

Please make sure your database server is running at `aws-1-ap-south-1.pooler.supabase.com`. {"service":"nexbyte-backend","method":"GET","path":"/api/v1/services","statusCode":500,"ip":"::1"}
PrismaClientKnownRequestError: 
Invalid `prisma.service.findMany()` invocation:


Can't reach database server at `aws-1-ap-south-1.pooler.supabase.com`

Please make sure your database server is running at `aws-1-ap-south-1.pooler.supabase.com`.
    at ei.handleRequestError (C:\Users\DELL\softwarefrontend\backend\node_modules\@prisma\client\runtime\library.js:121:7268)
    at ei.handleAndLogRequestError (C:\Users\DELL\softwarefrontend\backend\node_modules\@prisma\client\runtime\library.js:121:6593)
    at ei.request (C:\Users\DELL\softwarefrontend\backend\node_modules\@prisma\client\runtime\library.js:121:6300)
    at async a (C:\Users\DELL\softwarefrontend\backend\node_modules\@prisma\client\runtime\library.js:130:9551)
    at async C:\Users\DELL\softwarefrontend\backend\Controller\service.controller.js:38:20
13:03:54 [31merror[39m: Request completed with server error {"service":"nexbyte-backend","method":"GET","path":"/api/v1/services","statusCode":500,"durationMs":5897,"ip":"::1"}
14:25:29 [31merror[39m: Unhandled/internal error 
Invalid `prisma.service.findMany()` invocation:


Can't reach database server at `aws-1-ap-south-1.pooler.supabase.com`

Please make sure your database server is running at `aws-1-ap-south-1.pooler.supabase.com`. {"service":"nexbyte-backend","method":"GET","path":"/api/v1/admin/services","statusCode":500,"userId":"1fe642dc-aa6c-45ba-944d-d9c0946479d0","ip":"::1"}
PrismaClientKnownRequestError: 
Invalid `prisma.service.findMany()` invocation:


Can't reach database server at `aws-1-ap-south-1.pooler.supabase.com`

Please make sure your database server is running at `aws-1-ap-south-1.pooler.supabase.com`.
    at ei.handleRequestError (C:\Users\DELL\softwarefrontend\backend\node_modules\@prisma\client\runtime\library.js:121:7268)
    at ei.handleAndLogRequestError (C:\Users\DELL\softwarefrontend\backend\node_modules\@prisma\client\runtime\library.js:121:6593)
    at ei.request (C:\Users\DELL\softwarefrontend\backend\node_modules\@prisma\client\runtime\library.js:121:6300)
    at async a (C:\Users\DELL\softwarefrontend\backend\node_modules\@prisma\client\runtime\library.js:130:9551)
    at async C:\Users\DELL\softwarefrontend\backend\Controller\service.controller.js:67:20
14:25:29 [31merror[39m: Request completed with server error {"service":"nexbyte-backend","method":"GET","path":"/api/v1/admin/services","statusCode":500,"durationMs":5833,"ip":"::1","userId":"1fe642dc-aa6c-45ba-944d-d9c0946479d0"}
14:27:40 [31merror[39m: Unhandled/internal error Cannot read properties of undefined (reading 'map') {"service":"nexbyte-backend","method":"POST","path":"/api/v1/portfolios","statusCode":500,"userId":"1fe642dc-aa6c-45ba-944d-d9c0946479d0","ip":"::1"}
TypeError: Cannot read properties of undefined (reading 'map')
    at C:\Users\DELL\softwarefrontend\backend\Middleware\validate.middleware.js:50:33
    at Layer.handleRequest (C:\Users\DELL\softwarefrontend\backend\node_modules\router\lib\layer.js:152:17)
    at next (C:\Users\DELL\softwarefrontend\backend\node_modules\router\lib\route.js:157:13)
    at C:\Users\DELL\softwarefrontend\backend\Middleware\auth.middleware.js:104:3
    at C:\Users\DELL\softwarefrontend\backend\utils\asyncHandler.js:31:21
    at Layer.handleRequest (C:\Users\DELL\softwarefrontend\backend\node_modules\router\lib\layer.js:152:17)
    at next (C:\Users\DELL\softwarefrontend\backend\node_modules\router\lib\route.js:157:13)
    at C:\Users\DELL\softwarefrontend\backend\Middleware\auth.middleware.js:72:3
    at C:\Users\DELL\softwarefrontend\backend\utils\asyncHandler.js:31:21
    at Layer.handleRequest (C:\Users\DELL\softwarefrontend\backend\node_modules\router\lib\layer.js:152:17)
14:27:40 [31merror[39m: Request completed with server error {"service":"nexbyte-backend","method":"POST","path":"/api/v1/portfolios","statusCode":500,"durationMs":8,"ip":"::1","userId":"1fe642dc-aa6c-45ba-944d-d9c0946479d0"}
14:27:41 [31merror[39m: Unhandled/internal error 
Invalid `prisma.service.findMany()` invocation:


Can't reach database server at `aws-1-ap-south-1.pooler.supabase.com`

Please make sure your database server is running at `aws-1-ap-south-1.pooler.supabase.com`. {"service":"nexbyte-backend","method":"GET","path":"/api/v1/admin/services","statusCode":500,"userId":"1fe642dc-aa6c-45ba-944d-d9c0946479d0","ip":"::1"}
PrismaClientKnownRequestError: 
Invalid `prisma.service.findMany()` invocation:


Can't reach database server at `aws-1-ap-south-1.pooler.supabase.com`

Please make sure your database server is running at `aws-1-ap-south-1.pooler.supabase.com`.
    at ei.handleRequestError (C:\Users\DELL\softwarefrontend\backend\node_modules\@prisma\client\runtime\library.js:121:7268)
    at ei.handleAndLogRequestError (C:\Users\DELL\softwarefrontend\backend\node_modules\@prisma\client\runtime\library.js:121:6593)
    at ei.request (C:\Users\DELL\softwarefrontend\backend\node_modules\@prisma\client\runtime\library.js:121:6300)
    at async a (C:\Users\DELL\softwarefrontend\backend\node_modules\@prisma\client\runtime\library.js:130:9551)
    at async C:\Users\DELL\softwarefrontend\backend\Controller\service.controller.js:67:20
14:27:41 [31merror[39m: Request completed with server error {"service":"nexbyte-backend","method":"GET","path":"/api/v1/admin/services","statusCode":500,"durationMs":5778,"ip":"::1","userId":"1fe642dc-aa6c-45ba-944d-d9c0946479d0"}
14:27:41 [31merror[39m: Unhandled/internal error Cannot read properties of undefined (reading 'map') {"service":"nexbyte-backend","method":"POST","path":"/api/v1/portfolios","statusCode":500,"userId":"1fe642dc-aa6c-45ba-944d-d9c0946479d0","ip":"::1"}
TypeError: Cannot read properties of undefined (reading 'map')
    at C:\Users\DELL\softwarefrontend\backend\Middleware\validate.middleware.js:50:33
    at Layer.handleRequest (C:\Users\DELL\softwarefrontend\backend\node_modules\router\lib\layer.js:152:17)
    at next (C:\Users\DELL\softwarefrontend\backend\node_modules\router\lib\route.js:157:13)
    at C:\Users\DELL\softwarefrontend\backend\Middleware\auth.middleware.js:104:3
    at C:\Users\DELL\softwarefrontend\backend\utils\asyncHandler.js:31:21
    at Layer.handleRequest (C:\Users\DELL\softwarefrontend\backend\node_modules\router\lib\layer.js:152:17)
    at next (C:\Users\DELL\softwarefrontend\backend\node_modules\router\lib\route.js:157:13)
    at C:\Users\DELL\softwarefrontend\backend\Middleware\auth.middleware.js:72:3
    at C:\Users\DELL\softwarefrontend\backend\utils\asyncHandler.js:31:21
    at Layer.handleRequest (C:\Users\DELL\softwarefrontend\backend\node_modules\router\lib\layer.js:152:17)
14:27:41 [31merror[39m: Request completed with server error {"service":"nexbyte-backend","method":"POST","path":"/api/v1/portfolios","statusCode":500,"durationMs":6,"ip":"::1","userId":"1fe642dc-aa6c-45ba-944d-d9c0946479d0"}
14:27:42 [31merror[39m: Unhandled/internal error Cannot read properties of undefined (reading 'map') {"service":"nexbyte-backend","method":"POST","path":"/api/v1/portfolios","statusCode":500,"userId":"1fe642dc-aa6c-45ba-944d-d9c0946479d0","ip":"::1"}
TypeError: Cannot read properties of undefined (reading 'map')
    at C:\Users\DELL\softwarefrontend\backend\Middleware\validate.middleware.js:50:33
    at Layer.handleRequest (C:\Users\DELL\softwarefrontend\backend\node_modules\router\lib\layer.js:152:17)
    at next (C:\Users\DELL\softwarefrontend\backend\node_modules\router\lib\route.js:157:13)
    at C:\Users\DELL\softwarefrontend\backend\Middleware\auth.middleware.js:104:3
    at C:\Users\DELL\softwarefrontend\backend\utils\asyncHandler.js:31:21
    at Layer.handleRequest (C:\Users\DELL\softwarefrontend\backend\node_modules\router\lib\layer.js:152:17)
    at next (C:\Users\DELL\softwarefrontend\backend\node_modules\router\lib\route.js:157:13)
    at C:\Users\DELL\softwarefrontend\backend\Middleware\auth.middleware.js:72:3
    at C:\Users\DELL\softwarefrontend\backend\utils\asyncHandler.js:31:21
    at Layer.handleRequest (C:\Users\DELL\softwarefrontend\backend\node_modules\router\lib\layer.js:152:17)
14:27:42 [31merror[39m: Request completed with server error {"service":"nexbyte-backend","method":"POST","path":"/api/v1/portfolios","statusCode":500,"durationMs":4,"ip":"::1","userId":"1fe642dc-aa6c-45ba-944d-d9c0946479d0"}
14:28:24 [31merror[39m: Unhandled/internal error Cannot read properties of undefined (reading 'map') {"service":"nexbyte-backend","method":"POST","path":"/api/v1/portfolios","statusCode":500,"userId":"1fe642dc-aa6c-45ba-944d-d9c0946479d0","ip":"::1"}
TypeError: Cannot read properties of undefined (reading 'map')
    at C:\Users\DELL\softwarefrontend\backend\Middleware\validate.middleware.js:50:33
    at Layer.handleRequest (C:\Users\DELL\softwarefrontend\backend\node_modules\router\lib\layer.js:152:17)
    at next (C:\Users\DELL\softwarefrontend\backend\node_modules\router\lib\route.js:157:13)
    at C:\Users\DELL\softwarefrontend\backend\Middleware\auth.middleware.js:104:3
    at C:\Users\DELL\softwarefrontend\backend\utils\asyncHandler.js:31:21
    at Layer.handleRequest (C:\Users\DELL\softwarefrontend\backend\node_modules\router\lib\layer.js:152:17)
    at next (C:\Users\DELL\softwarefrontend\backend\node_modules\router\lib\route.js:157:13)
    at C:\Users\DELL\softwarefrontend\backend\Middleware\auth.middleware.js:72:3
    at C:\Users\DELL\softwarefrontend\backend\utils\asyncHandler.js:31:21
    at Layer.handleRequest (C:\Users\DELL\softwarefrontend\backend\node_modules\router\lib\layer.js:152:17)
14:28:24 [31merror[39m: Request completed with server error {"service":"nexbyte-backend","method":"POST","path":"/api/v1/portfolios","statusCode":500,"durationMs":28,"ip":"::1","userId":"1fe642dc-aa6c-45ba-944d-d9c0946479d0"}
14:28:37 [31merror[39m: Unhandled/internal error Cannot read properties of undefined (reading 'map') {"service":"nexbyte-backend","method":"POST","path":"/api/v1/portfolios","statusCode":500,"userId":"1fe642dc-aa6c-45ba-944d-d9c0946479d0","ip":"::1"}
TypeError: Cannot read properties of undefined (reading 'map')
    at C:\Users\DELL\softwarefrontend\backend\Middleware\validate.middleware.js:50:33
    at Layer.handleRequest (C:\Users\DELL\softwarefrontend\backend\node_modules\router\lib\layer.js:152:17)
    at next (C:\Users\DELL\softwarefrontend\backend\node_modules\router\lib\route.js:157:13)
    at C:\Users\DELL\softwarefrontend\backend\Middleware\auth.middleware.js:104:3
    at C:\Users\DELL\softwarefrontend\backend\utils\asyncHandler.js:31:21
    at Layer.handleRequest (C:\Users\DELL\softwarefrontend\backend\node_modules\router\lib\layer.js:152:17)
    at next (C:\Users\DELL\softwarefrontend\backend\node_modules\router\lib\route.js:157:13)
    at C:\Users\DELL\softwarefrontend\backend\Middleware\auth.middleware.js:72:3
    at C:\Users\DELL\softwarefrontend\backend\utils\asyncHandler.js:31:21
    at Layer.handleRequest (C:\Users\DELL\softwarefrontend\backend\node_modules\router\lib\layer.js:152:17)
14:28:37 [31merror[39m: Request completed with server error {"service":"nexbyte-backend","method":"POST","path":"/api/v1/portfolios","statusCode":500,"durationMs":8,"ip":"::1","userId":"1fe642dc-aa6c-45ba-944d-d9c0946479d0"}
14:35:34 [31merror[39m: Unhandled/internal error Cannot read properties of undefined (reading 'map') {"service":"nexbyte-backend","method":"POST","path":"/api/v1/portfolios","statusCode":500,"userId":"1fe642dc-aa6c-45ba-944d-d9c0946479d0","ip":"::1"}
TypeError: Cannot read properties of undefined (reading 'map')
    at C:\Users\DELL\softwarefrontend\backend\Middleware\validate.middleware.js:50:33
    at Layer.handleRequest (C:\Users\DELL\softwarefrontend\backend\node_modules\router\lib\layer.js:152:17)
    at next (C:\Users\DELL\softwarefrontend\backend\node_modules\router\lib\route.js:157:13)
    at C:\Users\DELL\softwarefrontend\backend\Middleware\auth.middleware.js:104:3
    at C:\Users\DELL\softwarefrontend\backend\utils\asyncHandler.js:31:21
    at Layer.handleRequest (C:\Users\DELL\softwarefrontend\backend\node_modules\router\lib\layer.js:152:17)
    at next (C:\Users\DELL\softwarefrontend\backend\node_modules\router\lib\route.js:157:13)
    at C:\Users\DELL\softwarefrontend\backend\Middleware\auth.middleware.js:72:3
    at C:\Users\DELL\softwarefrontend\backend\utils\asyncHandler.js:31:21
    at Layer.handleRequest (C:\Users\DELL\softwarefrontend\backend\node_modules\router\lib\layer.js:152:17)
14:35:34 [31merror[39m: Request completed with server error {"service":"nexbyte-backend","method":"POST","path":"/api/v1/portfolios","statusCode":500,"durationMs":13,"ip":"::1","userId":"1fe642dc-aa6c-45ba-944d-d9c0946479d0"}
14:35:36 [31merror[39m: Unhandled/internal error Cannot read properties of undefined (reading 'map') {"service":"nexbyte-backend","method":"POST","path":"/api/v1/portfolios","statusCode":500,"userId":"1fe642dc-aa6c-45ba-944d-d9c0946479d0","ip":"::1"}
TypeError: Cannot read properties of undefined (reading 'map')
    at C:\Users\DELL\softwarefrontend\backend\Middleware\validate.middleware.js:50:33
    at Layer.handleRequest (C:\Users\DELL\softwarefrontend\backend\node_modules\router\lib\layer.js:152:17)
    at next (C:\Users\DELL\softwarefrontend\backend\node_modules\router\lib\route.js:157:13)
    at C:\Users\DELL\softwarefrontend\backend\Middleware\auth.middleware.js:104:3
    at C:\Users\DELL\softwarefrontend\backend\utils\asyncHandler.js:31:21
    at Layer.handleRequest (C:\Users\DELL\softwarefrontend\backend\node_modules\router\lib\layer.js:152:17)
    at next (C:\Users\DELL\softwarefrontend\backend\node_modules\router\lib\route.js:157:13)
    at C:\Users\DELL\softwarefrontend\backend\Middleware\auth.middleware.js:72:3
    at C:\Users\DELL\softwarefrontend\backend\utils\asyncHandler.js:31:21
    at Layer.handleRequest (C:\Users\DELL\softwarefrontend\backend\node_modules\router\lib\layer.js:152:17)
14:35:36 [31merror[39m: Request completed with server error {"service":"nexbyte-backend","method":"POST","path":"/api/v1/portfolios","statusCode":500,"durationMs":6,"ip":"::1","userId":"1fe642dc-aa6c-45ba-944d-d9c0946479d0"}
14:35:36 [31merror[39m: Unhandled/internal error Cannot read properties of undefined (reading 'map') {"service":"nexbyte-backend","method":"POST","path":"/api/v1/portfolios","statusCode":500,"userId":"1fe642dc-aa6c-45ba-944d-d9c0946479d0","ip":"::1"}
TypeError: Cannot read properties of undefined (reading 'map')
    at C:\Users\DELL\softwarefrontend\backend\Middleware\validate.middleware.js:50:33
    at Layer.handleRequest (C:\Users\DELL\softwarefrontend\backend\node_modules\router\lib\layer.js:152:17)
    at next (C:\Users\DELL\softwarefrontend\backend\node_modules\router\lib\route.js:157:13)
    at C:\Users\DELL\softwarefrontend\backend\Middleware\auth.middleware.js:104:3
    at C:\Users\DELL\softwarefrontend\backend\utils\asyncHandler.js:31:21
    at Layer.handleRequest (C:\Users\DELL\softwarefrontend\backend\node_modules\router\lib\layer.js:152:17)
    at next (C:\Users\DELL\softwarefrontend\backend\node_modules\router\lib\route.js:157:13)
    at C:\Users\DELL\softwarefrontend\backend\Middleware\auth.middleware.js:72:3
    at C:\Users\DELL\softwarefrontend\backend\utils\asyncHandler.js:31:21
    at Layer.handleRequest (C:\Users\DELL\softwarefrontend\backend\node_modules\router\lib\layer.js:152:17)
14:35:36 [31merror[39m: Request completed with server error {"service":"nexbyte-backend","method":"POST","path":"/api/v1/portfolios","statusCode":500,"durationMs":5,"ip":"::1","userId":"1fe642dc-aa6c-45ba-944d-d9c0946479d0"}
14:35:37 [31merror[39m: Unhandled/internal error Cannot read properties of undefined (reading 'map') {"service":"nexbyte-backend","method":"POST","path":"/api/v1/portfolios","statusCode":500,"userId":"1fe642dc-aa6c-45ba-944d-d9c0946479d0","ip":"::1"}
TypeError: Cannot read properties of undefined (reading 'map')
    at C:\Users\DELL\softwarefrontend\backend\Middleware\validate.middleware.js:50:33
    at Layer.handleRequest (C:\Users\DELL\softwarefrontend\backend\node_modules\router\lib\layer.js:152:17)
    at next (C:\Users\DELL\softwarefrontend\backend\node_modules\router\lib\route.js:157:13)
    at C:\Users\DELL\softwarefrontend\backend\Middleware\auth.middleware.js:104:3
    at C:\Users\DELL\softwarefrontend\backend\utils\asyncHandler.js:31:21
    at Layer.handleRequest (C:\Users\DELL\softwarefrontend\backend\node_modules\router\lib\layer.js:152:17)
    at next (C:\Users\DELL\softwarefrontend\backend\node_modules\router\lib\route.js:157:13)
    at C:\Users\DELL\softwarefrontend\backend\Middleware\auth.middleware.js:72:3
    at C:\Users\DELL\softwarefrontend\backend\utils\asyncHandler.js:31:21
    at Layer.handleRequest (C:\Users\DELL\softwarefrontend\backend\node_modules\router\lib\layer.js:152:17)
14:35:37 [31merror[39m: Request completed with server error {"service":"nexbyte-backend","method":"POST","path":"/api/v1/portfolios","statusCode":500,"durationMs":7,"ip":"::1","userId":"1fe642dc-aa6c-45ba-944d-d9c0946479d0"}
